2020-04-05 21:09:30.9217|3|Microsoft.EntityFrameworkCore.Storage.Internal.SqlServerConnection|DEBUG|Opening connection to database 'PDatabase' on server 'DESKTOP-05KO2T6'. 
2020-04-05 21:09:32.0855|4|Microsoft.EntityFrameworkCore.Storage.Internal.SqlServerConnection|DEBUG|Closing connection to database 'PDatabase' on server 'DESKTOP-05KO2T6'. 
2020-04-05 21:09:32.1474|3|Microsoft.EntityFrameworkCore.Storage.Internal.SqlServerConnection|DEBUG|Opening connection to database 'PDatabase' on server 'DESKTOP-05KO2T6'. 
2020-04-05 21:09:33.4720|1|Microsoft.EntityFrameworkCore.Storage.IRelationalCommandBuilderFactory|INFO|Executed DbCommand (1,283ms) [Parameters=[], CommandType='Text', CommandTimeout='30']
IF EXISTS (SELECT * FROM INFORMATION_SCHEMA.TABLES WHERE TABLE_TYPE = 'BASE TABLE') SELECT 1 ELSE SELECT 0 
2020-04-05 21:09:33.4800|4|Microsoft.EntityFrameworkCore.Storage.Internal.SqlServerConnection|DEBUG|Closing connection to database 'PDatabase' on server 'DESKTOP-05KO2T6'. 
2020-04-05 21:09:34.0149|2|Microsoft.EntityFrameworkCore.Query.Internal.SqlServerQueryCompilationContextFactory|DEBUG|Compiling query model: 
'from Customer <generated>_0 in DbSet<Customer>
select <generated>_0' 
2020-04-05 21:09:34.0359|3|Microsoft.EntityFrameworkCore.Query.Internal.SqlServerQueryCompilationContextFactory|DEBUG|Optimized query model: 
'from Customer <generated>_0 in DbSet<Customer>
select <generated>_0' 
2020-04-05 21:09:34.3700|5|Microsoft.EntityFrameworkCore.Query.Internal.SqlServerQueryCompilationContextFactory|DEBUG|TRACKED: True
(QueryContext queryContext) => IEnumerable<Customer> _ShapedQuery(
    queryContext: queryContext, 
    shaperCommandContext: SelectExpression: 
        SELECT [c].[Id], [c].[Age], [c].[FirstName], [c].[LastName]
        FROM [Customers] AS [c]
    , 
    shaper: UnbufferedEntityShaper<Customer>
)
 
2020-04-05 21:09:34.4438|3|Microsoft.EntityFrameworkCore.Storage.Internal.SqlServerConnection|DEBUG|Opening connection to database 'PDatabase' on server 'DESKTOP-05KO2T6'. 
2020-04-05 21:09:35.4562|1|Microsoft.EntityFrameworkCore.Storage.IRelationalCommandBuilderFactory|INFO|Executed DbCommand (1,000ms) [Parameters=[], CommandType='Text', CommandTimeout='30']
SELECT [c].[Id], [c].[Age], [c].[FirstName], [c].[LastName]
FROM [Customers] AS [c] 
2020-04-05 21:09:35.5729|4|Microsoft.EntityFrameworkCore.Storage.Internal.SqlServerConnection|DEBUG|Closing connection to database 'PDatabase' on server 'DESKTOP-05KO2T6'. 
2020-04-05 21:09:35.6597|3|Microsoft.EntityFrameworkCore.Storage.Internal.SqlServerConnection|DEBUG|Opening connection to database 'PDatabase' on server 'DESKTOP-05KO2T6'. 
2020-04-05 21:09:35.6796|5|Microsoft.EntityFrameworkCore.Storage.Internal.SqlServerConnection|DEBUG|Beginning transaction with isolation level 'Unspecified'. 
2020-04-05 21:09:36.2259|1|Microsoft.EntityFrameworkCore.Storage.IRelationalCommandBuilderFactory|INFO|Executed DbCommand (387ms) [Parameters=[@p0='?', @p1='?', @p2='?', @p3='?', @p4='?', @p5='?'], CommandType='Text', CommandTimeout='30']
SET NOCOUNT ON;
DELETE FROM [Customers]
WHERE [Id] = @p0;
SELECT @@ROWCOUNT;

DELETE FROM [Customers]
WHERE [Id] = @p1;
SELECT @@ROWCOUNT;

DELETE FROM [Customers]
WHERE [Id] = @p2;
SELECT @@ROWCOUNT;

DELETE FROM [Customers]
WHERE [Id] = @p3;
SELECT @@ROWCOUNT;

DELETE FROM [Customers]
WHERE [Id] = @p4;
SELECT @@ROWCOUNT;

DELETE FROM [Customers]
WHERE [Id] = @p5;
SELECT @@ROWCOUNT; 
2020-04-05 21:09:36.2478|6|Microsoft.EntityFrameworkCore.Storage.Internal.SqlServerConnection|DEBUG|Committing transaction. 
2020-04-05 21:09:36.2767|4|Microsoft.EntityFrameworkCore.Storage.Internal.SqlServerConnection|DEBUG|Closing connection to database 'PDatabase' on server 'DESKTOP-05KO2T6'. 
2020-04-05 21:09:36.3904|3|Microsoft.EntityFrameworkCore.Storage.Internal.SqlServerConnection|DEBUG|Opening connection to database 'PDatabase' on server 'DESKTOP-05KO2T6'. 
2020-04-05 21:09:36.3904|5|Microsoft.EntityFrameworkCore.Storage.Internal.SqlServerConnection|DEBUG|Beginning transaction with isolation level 'Unspecified'. 
2020-04-05 21:09:36.5251|1|Microsoft.EntityFrameworkCore.Storage.IRelationalCommandBuilderFactory|INFO|Executed DbCommand (56ms) [Parameters=[@p0='?', @p1='?', @p2='?' (Size = 4000), @p3='?' (Size = 4000), @p4='?', @p5='?', @p6='?' (Size = 4000), @p7='?' (Size = 4000), @p8='?', @p9='?', @p10='?' (Size = 4000), @p11='?' (Size = 4000), @p12='?', @p13='?', @p14='?' (Size = 4000), @p15='?' (Size = 4000), @p16='?', @p17='?', @p18='?' (Size = 4000), @p19='?' (Size = 4000), @p20='?', @p21='?', @p22='?' (Size = 4000), @p23='?' (Size = 4000)], CommandType='Text', CommandTimeout='30']
SET NOCOUNT ON;
INSERT INTO [Customers] ([Id], [Age], [FirstName], [LastName])
VALUES (@p0, @p1, @p2, @p3),
(@p4, @p5, @p6, @p7),
(@p8, @p9, @p10, @p11),
(@p12, @p13, @p14, @p15),
(@p16, @p17, @p18, @p19),
(@p20, @p21, @p22, @p23); 
2020-04-05 21:09:36.5251|6|Microsoft.EntityFrameworkCore.Storage.Internal.SqlServerConnection|DEBUG|Committing transaction. 
2020-04-05 21:09:36.5251|4|Microsoft.EntityFrameworkCore.Storage.Internal.SqlServerConnection|DEBUG|Closing connection to database 'PDatabase' on server 'DESKTOP-05KO2T6'. 
2020-04-05 21:09:36.7614|3|Microsoft.AspNetCore.Hosting.Internal.WebHost|DEBUG|Hosting starting 
2020-04-05 21:09:37.0676|4|Microsoft.AspNetCore.Hosting.Internal.WebHost|DEBUG|Hosting started 
2020-04-05 21:09:37.2671|1|Microsoft.AspNetCore.Server.Kestrel|DEBUG|Connection id "0HLUPEU630F6D" started. 
2020-04-05 21:09:37.2671|1|Microsoft.AspNetCore.Server.Kestrel|DEBUG|Connection id "0HLUPEU630F6C" started. 
2020-04-05 21:09:37.2671|1|Microsoft.AspNetCore.Server.Kestrel|DEBUG|Connection id "0HLUPEU630F6B" started. 
2020-04-05 21:09:37.4077|1|Microsoft.AspNetCore.Hosting.Internal.WebHost|INFO|Request starting HTTP/1.1 GET http://localhost:55869/favicon.ico   
2020-04-05 21:09:37.4077|1|Microsoft.AspNetCore.Hosting.Internal.WebHost|INFO|Request starting HTTP/1.1 GET http://localhost:55869/swagger/   
2020-04-05 21:09:37.4077|1|Microsoft.AspNetCore.Hosting.Internal.WebHost|INFO|Request starting HTTP/1.1 DEBUG http://localhost:55869/  0 
2020-04-05 21:09:37.5004|4|Microsoft.AspNetCore.StaticFiles.StaticFileMiddleware|DEBUG|The request path /swagger/ does not match a supported file type 
2020-04-05 21:09:37.5004|5|Microsoft.AspNetCore.StaticFiles.StaticFileMiddleware|DEBUG|The request path /favicon.ico does not match an existing file 
2020-04-05 21:09:37.5154|3|Microsoft.AspNetCore.StaticFiles.StaticFileMiddleware|DEBUG|The request path  does not match the path filter 
2020-04-05 21:09:37.5294|9|Microsoft.AspNetCore.Server.Kestrel|DEBUG|Connection id "0HLUPEU630F6B" completed keep alive response. 
2020-04-05 21:09:37.5294|2|Microsoft.AspNetCore.Hosting.Internal.WebHost|INFO|Request finished in 148.0712ms 200  
2020-04-05 21:09:37.5423|2|Microsoft.AspNetCore.StaticFiles.StaticFileMiddleware|INFO|Sending file. Request path: '/index.html'. Physical path: 'N/A' 
2020-04-05 21:09:37.5942|9|Microsoft.AspNetCore.Server.Kestrel|DEBUG|Connection id "0HLUPEU630F6C" completed keep alive response. 
2020-04-05 21:09:37.5942|2|Microsoft.AspNetCore.Hosting.Internal.WebHost|INFO|Request finished in 212.7036ms 200 text/html 
2020-04-05 21:09:38.0400|1|Microsoft.AspNetCore.Hosting.Internal.WebHost|INFO|Request starting HTTP/1.1 GET http://localhost:55869/swagger/lib/jquery.wiggle.min.js   
2020-04-05 21:09:38.2407|5|Microsoft.AspNetCore.StaticFiles.StaticFileMiddleware|DEBUG|The request path /swagger/lib/jquery.wiggle.min.js does not match an existing file 
2020-04-05 21:09:38.0809|1|Microsoft.AspNetCore.Hosting.Internal.WebHost|INFO|Request starting HTTP/1.1 GET http://localhost:55869/swagger/css/screen.css   
2020-04-05 21:09:38.2786|5|Microsoft.AspNetCore.StaticFiles.StaticFileMiddleware|DEBUG|The request path /swagger/css/screen.css does not match an existing file 
2020-04-05 21:09:38.1527|1|Microsoft.AspNetCore.Server.Kestrel|DEBUG|Connection id "0HLUPEU630F6E" started. 
2020-04-05 21:09:38.2786|1|Microsoft.AspNetCore.Hosting.Internal.WebHost|INFO|Request starting HTTP/1.1 GET http://localhost:55869/swagger/css/typography.css   
2020-04-05 21:09:38.2916|6|Microsoft.AspNetCore.StaticFiles.StaticFileMiddleware|INFO|The file /css/screen.css was not modified 
2020-04-05 21:09:38.3115|5|Microsoft.AspNetCore.StaticFiles.StaticFileMiddleware|DEBUG|The request path /swagger/css/typography.css does not match an existing file 
2020-04-05 21:09:38.3434|6|Microsoft.AspNetCore.StaticFiles.StaticFileMiddleware|INFO|The file /css/typography.css was not modified 
2020-04-05 21:09:38.3434|8|Microsoft.AspNetCore.StaticFiles.StaticFileMiddleware|DEBUG|Handled. Status code: 304 File: /css/typography.css 
2020-04-05 21:09:38.2786|1|Microsoft.AspNetCore.Server.Kestrel|DEBUG|Connection id "0HLUPEU630F6F" started. 
2020-04-05 21:09:38.3324|8|Microsoft.AspNetCore.StaticFiles.StaticFileMiddleware|DEBUG|Handled. Status code: 304 File: /css/screen.css 
2020-04-05 21:09:38.3534|9|Microsoft.AspNetCore.Server.Kestrel|DEBUG|Connection id "0HLUPEU630F6C" completed keep alive response. 
2020-04-05 21:09:38.3534|9|Microsoft.AspNetCore.Server.Kestrel|DEBUG|Connection id "0HLUPEU630F6E" completed keep alive response. 
2020-04-05 21:09:38.3534|2|Microsoft.AspNetCore.Hosting.Internal.WebHost|INFO|Request finished in 281.0031ms 304 text/css 
2020-04-05 21:09:38.3434|1|Microsoft.AspNetCore.Server.Kestrel|DEBUG|Connection id "0HLUPEU630F6H" started. 
2020-04-05 21:09:38.3534|2|Microsoft.AspNetCore.Hosting.Internal.WebHost|INFO|Request finished in 80.3641ms 304 text/css 
2020-04-05 21:09:38.2916|1|Microsoft.AspNetCore.Server.Kestrel|DEBUG|Connection id "0HLUPEU630F6G" started. 
2020-04-05 21:09:38.5848|1|Microsoft.AspNetCore.Hosting.Internal.WebHost|INFO|Request starting HTTP/1.1 GET http://localhost:55869/swagger/lib/jquery-1.8.0.min.js   
2020-04-05 21:09:38.6296|1|Microsoft.AspNetCore.Hosting.Internal.WebHost|INFO|Request starting HTTP/1.1 GET http://localhost:55869/swagger/lib/lodash.min.js   
2020-04-05 21:09:38.6686|5|Microsoft.AspNetCore.StaticFiles.StaticFileMiddleware|DEBUG|The request path /swagger/lib/lodash.min.js does not match an existing file 
2020-04-05 21:09:38.3973|1|Microsoft.AspNetCore.Hosting.Internal.WebHost|INFO|Request starting HTTP/1.1 GET http://localhost:55869/swagger/css/reset.css   
2020-04-05 21:09:38.6895|6|Microsoft.AspNetCore.StaticFiles.StaticFileMiddleware|INFO|The file /lib/lodash.min.js was not modified 
2020-04-05 21:09:38.9119|8|Microsoft.AspNetCore.StaticFiles.StaticFileMiddleware|DEBUG|Handled. Status code: 304 File: /lib/lodash.min.js 
2020-04-05 21:09:38.6396|5|Microsoft.AspNetCore.StaticFiles.StaticFileMiddleware|DEBUG|The request path /swagger/lib/jquery-1.8.0.min.js does not match an existing file 
2020-04-05 21:09:38.7902|1|Microsoft.AspNetCore.Hosting.Internal.WebHost|INFO|Request starting HTTP/1.1 GET http://localhost:55869/swagger/lib/jquery.slideto.min.js   
2020-04-05 21:09:38.5528|1|Microsoft.AspNetCore.Hosting.Internal.WebHost|INFO|Request starting HTTP/1.1 GET http://localhost:55869/swagger/lib/highlight.9.1.0.pack.js   
2020-04-05 21:09:38.8540|5|Microsoft.AspNetCore.StaticFiles.StaticFileMiddleware|DEBUG|The request path /swagger/css/reset.css does not match an existing file 
2020-04-05 21:09:39.0505|6|Microsoft.AspNetCore.StaticFiles.StaticFileMiddleware|INFO|The file /css/reset.css was not modified 
2020-04-05 21:09:39.0505|8|Microsoft.AspNetCore.StaticFiles.StaticFileMiddleware|DEBUG|Handled. Status code: 304 File: /css/reset.css 
2020-04-05 21:09:39.0764|9|Microsoft.AspNetCore.Server.Kestrel|DEBUG|Connection id "0HLUPEU630F6F" completed keep alive response. 
2020-04-05 21:09:38.3434|6|Microsoft.AspNetCore.StaticFiles.StaticFileMiddleware|INFO|The file /lib/jquery.wiggle.min.js was not modified 
2020-04-05 21:09:38.9707|6|Microsoft.AspNetCore.StaticFiles.StaticFileMiddleware|INFO|The file /lib/jquery-1.8.0.min.js was not modified 
2020-04-05 21:09:38.9508|1|Microsoft.AspNetCore.Builder.RouterMiddleware|DEBUG|Request did not match any routes. 
2020-04-05 21:09:39.1512|2|Microsoft.AspNetCore.Hosting.Internal.WebHost|INFO|Request finished in 755.8515ms 304 text/css 
2020-04-05 21:09:39.0007|5|Microsoft.AspNetCore.StaticFiles.StaticFileMiddleware|DEBUG|The request path /swagger/lib/jquery.slideto.min.js does not match an existing file 
2020-04-05 21:09:39.2340|6|Microsoft.AspNetCore.StaticFiles.StaticFileMiddleware|INFO|The file /lib/jquery.slideto.min.js was not modified 
2020-04-05 21:09:39.2340|8|Microsoft.AspNetCore.StaticFiles.StaticFileMiddleware|DEBUG|Handled. Status code: 304 File: /lib/jquery.slideto.min.js 
2020-04-05 21:09:39.2340|9|Microsoft.AspNetCore.Server.Kestrel|DEBUG|Connection id "0HLUPEU630F6G" completed keep alive response. 
2020-04-05 21:09:39.2340|1|Microsoft.AspNetCore.Hosting.Internal.WebHost|INFO|Request starting HTTP/1.1 GET http://localhost:55869/swagger/lib/jquery.ba-bbq.min.js   
2020-04-05 21:09:39.2450|5|Microsoft.AspNetCore.StaticFiles.StaticFileMiddleware|DEBUG|The request path /swagger/lib/jquery.ba-bbq.min.js does not match an existing file 
2020-04-05 21:09:39.2191|1|Microsoft.AspNetCore.Builder.RouterMiddleware|DEBUG|Request did not match any routes. 
2020-04-05 21:09:39.2799|6|Microsoft.AspNetCore.StaticFiles.StaticFileMiddleware|INFO|The file /lib/jquery.ba-bbq.min.js was not modified 
2020-04-05 21:09:39.3008|8|Microsoft.AspNetCore.StaticFiles.StaticFileMiddleware|DEBUG|Handled. Status code: 304 File: /lib/jquery.ba-bbq.min.js 
2020-04-05 21:09:39.2799|9|Microsoft.AspNetCore.Server.Kestrel|DEBUG|Connection id "0HLUPEU630F6D" completed keep alive response. 
2020-04-05 21:09:39.0007|5|Microsoft.AspNetCore.StaticFiles.StaticFileMiddleware|DEBUG|The request path /swagger/lib/highlight.9.1.0.pack.js does not match an existing file 
2020-04-05 21:09:38.9707|9|Microsoft.AspNetCore.Server.Kestrel|DEBUG|Connection id "0HLUPEU630F6H" completed keep alive response. 
2020-04-05 21:09:39.3248|2|Microsoft.AspNetCore.Hosting.Internal.WebHost|INFO|Request finished in 698.413ms 304 application/javascript 
2020-04-05 21:09:39.1512|8|Microsoft.AspNetCore.StaticFiles.StaticFileMiddleware|DEBUG|Handled. Status code: 304 File: /lib/jquery.wiggle.min.js 
2020-04-05 21:09:39.3248|6|Microsoft.AspNetCore.StaticFiles.StaticFileMiddleware|INFO|The file /lib/highlight.9.1.0.pack.js was not modified 
2020-04-05 21:09:39.3846|8|Microsoft.AspNetCore.StaticFiles.StaticFileMiddleware|DEBUG|Handled. Status code: 304 File: /lib/highlight.9.1.0.pack.js 
2020-04-05 21:09:39.3846|9|Microsoft.AspNetCore.Server.Kestrel|DEBUG|Connection id "0HLUPEU630F6C" completed keep alive response. 
2020-04-05 21:09:39.3517|1|Microsoft.AspNetCore.Hosting.Internal.WebHost|INFO|Request starting HTTP/1.1 GET http://localhost:55869/swagger/lib/object-assign-pollyfill.js   
2020-04-05 21:09:39.3846|5|Microsoft.AspNetCore.StaticFiles.StaticFileMiddleware|DEBUG|The request path /swagger/lib/object-assign-pollyfill.js does not match an existing file 
2020-04-05 21:09:39.1512|8|Microsoft.AspNetCore.StaticFiles.StaticFileMiddleware|DEBUG|Handled. Status code: 304 File: /lib/jquery-1.8.0.min.js 
2020-04-05 21:09:39.3846|9|Microsoft.AspNetCore.Server.Kestrel|DEBUG|Connection id "0HLUPEU630F6E" completed keep alive response. 
2020-04-05 21:09:39.3996|2|Microsoft.AspNetCore.Hosting.Internal.WebHost|INFO|Request finished in 814.7896ms 304 application/javascript 
2020-04-05 21:09:39.2450|2|Microsoft.AspNetCore.Hosting.Internal.WebHost|INFO|Request finished in 454.5677ms 304 application/javascript 
2020-04-05 21:09:39.4285|1|Microsoft.AspNetCore.Hosting.Internal.WebHost|INFO|Request starting HTTP/1.1 GET http://localhost:55869/swagger/swagger-ui.min.js   
2020-04-05 21:09:39.4285|5|Microsoft.AspNetCore.StaticFiles.StaticFileMiddleware|DEBUG|The request path /swagger/swagger-ui.min.js does not match an existing file 
2020-04-05 21:09:39.4325|6|Microsoft.AspNetCore.StaticFiles.StaticFileMiddleware|INFO|The file /swagger-ui.min.js was not modified 
2020-04-05 21:09:39.4325|8|Microsoft.AspNetCore.StaticFiles.StaticFileMiddleware|DEBUG|Handled. Status code: 304 File: /swagger-ui.min.js 
2020-04-05 21:09:39.4325|9|Microsoft.AspNetCore.Server.Kestrel|DEBUG|Connection id "0HLUPEU630F6G" completed keep alive response. 
2020-04-05 21:09:39.4325|2|Microsoft.AspNetCore.Hosting.Internal.WebHost|INFO|Request finished in 11.7452ms 304 application/javascript 
2020-04-05 21:09:39.3248|2|Microsoft.AspNetCore.Hosting.Internal.WebHost|INFO|Request finished in 1941.3737ms 404  
2020-04-05 21:09:39.4754|1|Microsoft.AspNetCore.Hosting.Internal.WebHost|INFO|Request starting HTTP/1.1 GET http://localhost:55869/swagger/lib/handlebars-4.0.5.js   
2020-04-05 21:09:39.4754|5|Microsoft.AspNetCore.StaticFiles.StaticFileMiddleware|DEBUG|The request path /swagger/lib/handlebars-4.0.5.js does not match an existing file 
2020-04-05 21:09:39.4784|6|Microsoft.AspNetCore.StaticFiles.StaticFileMiddleware|INFO|The file /lib/handlebars-4.0.5.js was not modified 
2020-04-05 21:09:39.4784|8|Microsoft.AspNetCore.StaticFiles.StaticFileMiddleware|DEBUG|Handled. Status code: 304 File: /lib/handlebars-4.0.5.js 
2020-04-05 21:09:39.4784|9|Microsoft.AspNetCore.Server.Kestrel|DEBUG|Connection id "0HLUPEU630F6D" completed keep alive response. 
2020-04-05 21:09:39.4784|2|Microsoft.AspNetCore.Hosting.Internal.WebHost|INFO|Request finished in 4.6842ms 304 application/javascript 
2020-04-05 21:09:39.3846|6|Microsoft.AspNetCore.StaticFiles.StaticFileMiddleware|INFO|The file /lib/object-assign-pollyfill.js was not modified 
2020-04-05 21:09:39.6080|8|Microsoft.AspNetCore.StaticFiles.StaticFileMiddleware|DEBUG|Handled. Status code: 304 File: /lib/object-assign-pollyfill.js 
2020-04-05 21:09:39.6629|9|Microsoft.AspNetCore.Server.Kestrel|DEBUG|Connection id "0HLUPEU630F6H" completed keep alive response. 
2020-04-05 21:09:39.7227|2|Microsoft.AspNetCore.Hosting.Internal.WebHost|INFO|Request finished in 373.2068ms 304 application/javascript 
2020-04-05 21:09:39.3846|9|Microsoft.AspNetCore.Server.Kestrel|DEBUG|Connection id "0HLUPEU630F6B" completed keep alive response. 
2020-04-05 21:09:39.8215|2|Microsoft.AspNetCore.Hosting.Internal.WebHost|INFO|Request finished in 1783.0144ms 304 application/javascript 
2020-04-05 21:09:39.9178|1|Microsoft.AspNetCore.Hosting.Internal.WebHost|INFO|Request starting HTTP/1.1 GET http://localhost:55869/swagger/lib/swagger-oauth.js   
2020-04-05 21:09:39.3208|9|Microsoft.AspNetCore.Server.Kestrel|DEBUG|Connection id "0HLUPEU630F6F" completed keep alive response. 
2020-04-05 21:09:39.9583|2|Microsoft.AspNetCore.Hosting.Internal.WebHost|INFO|Request finished in 725.0563ms 304 application/javascript 
2020-04-05 21:09:39.9583|1|Microsoft.AspNetCore.Hosting.Internal.WebHost|INFO|Request starting HTTP/1.1 GET http://localhost:55869/swagger/lib/backbone-min.js   
2020-04-05 21:09:39.8439|1|Microsoft.AspNetCore.Hosting.Internal.WebHost|INFO|Request starting HTTP/1.1 GET http://localhost:55869/swagger/lib/highlight.9.1.0.pack_extended.js   
2020-04-05 21:09:39.6330|1|Microsoft.AspNetCore.Hosting.Internal.WebHost|INFO|Request starting HTTP/1.1 GET http://localhost:55869/swagger/lib/marked.js   
2020-04-05 21:09:40.0829|5|Microsoft.AspNetCore.StaticFiles.StaticFileMiddleware|DEBUG|The request path /swagger/lib/marked.js does not match an existing file 
2020-04-05 21:09:40.0829|6|Microsoft.AspNetCore.StaticFiles.StaticFileMiddleware|INFO|The file /lib/marked.js was not modified 
2020-04-05 21:09:40.0829|8|Microsoft.AspNetCore.StaticFiles.StaticFileMiddleware|DEBUG|Handled. Status code: 304 File: /lib/marked.js 
2020-04-05 21:09:39.8215|1|Microsoft.AspNetCore.Hosting.Internal.WebHost|INFO|Request starting HTTP/1.1 GET http://localhost:55869/swagger/images/logo_small.png   
2020-04-05 21:09:40.0869|9|Microsoft.AspNetCore.Server.Kestrel|DEBUG|Connection id "0HLUPEU630F6E" completed keep alive response. 
2020-04-05 21:09:40.0869|2|Microsoft.AspNetCore.Hosting.Internal.WebHost|INFO|Request finished in 459.4369ms 304 application/javascript 
2020-04-05 21:09:40.0869|5|Microsoft.AspNetCore.StaticFiles.StaticFileMiddleware|DEBUG|The request path /swagger/images/logo_small.png does not match an existing file 
2020-04-05 21:09:40.0869|6|Microsoft.AspNetCore.StaticFiles.StaticFileMiddleware|INFO|The file /images/logo_small.png was not modified 
2020-04-05 21:09:40.1039|8|Microsoft.AspNetCore.StaticFiles.StaticFileMiddleware|DEBUG|Handled. Status code: 304 File: /images/logo_small.png 
2020-04-05 21:09:40.1039|9|Microsoft.AspNetCore.Server.Kestrel|DEBUG|Connection id "0HLUPEU630F6G" completed keep alive response. 
2020-04-05 21:09:40.1039|2|Microsoft.AspNetCore.Hosting.Internal.WebHost|INFO|Request finished in 269.3937ms 304 image/png 
2020-04-05 21:09:40.0709|5|Microsoft.AspNetCore.StaticFiles.StaticFileMiddleware|DEBUG|The request path /swagger/lib/highlight.9.1.0.pack_extended.js does not match an existing file 
2020-04-05 21:09:39.9583|5|Microsoft.AspNetCore.StaticFiles.StaticFileMiddleware|DEBUG|The request path /swagger/lib/swagger-oauth.js does not match an existing file 
2020-04-05 21:09:40.0061|5|Microsoft.AspNetCore.StaticFiles.StaticFileMiddleware|DEBUG|The request path /swagger/lib/backbone-min.js does not match an existing file 
2020-04-05 21:09:39.3846|2|Microsoft.AspNetCore.Hosting.Internal.WebHost|INFO|Request finished in 835.9198ms 304 application/javascript 
2020-04-05 21:09:40.1188|1|Microsoft.AspNetCore.Hosting.Internal.WebHost|INFO|Request starting HTTP/1.1 GET http://localhost:55869/swagger/lib/jsoneditor.min.js   
2020-04-05 21:09:40.1188|6|Microsoft.AspNetCore.StaticFiles.StaticFileMiddleware|INFO|The file /lib/backbone-min.js was not modified 
2020-04-05 21:09:40.1188|8|Microsoft.AspNetCore.StaticFiles.StaticFileMiddleware|DEBUG|Handled. Status code: 304 File: /lib/backbone-min.js 
2020-04-05 21:09:40.1637|9|Microsoft.AspNetCore.Server.Kestrel|DEBUG|Connection id "0HLUPEU630F6F" completed keep alive response. 
2020-04-05 21:09:40.1188|6|Microsoft.AspNetCore.StaticFiles.StaticFileMiddleware|INFO|The file /lib/highlight.9.1.0.pack_extended.js was not modified 
2020-04-05 21:09:40.1906|8|Microsoft.AspNetCore.StaticFiles.StaticFileMiddleware|DEBUG|Handled. Status code: 304 File: /lib/highlight.9.1.0.pack_extended.js 
2020-04-05 21:09:40.1996|9|Microsoft.AspNetCore.Server.Kestrel|DEBUG|Connection id "0HLUPEU630F6D" completed keep alive response. 
2020-04-05 21:09:40.2422|2|Microsoft.AspNetCore.Hosting.Internal.WebHost|INFO|Request finished in 398.1368ms 304 application/javascript 
2020-04-05 21:09:40.1188|5|Microsoft.AspNetCore.StaticFiles.StaticFileMiddleware|DEBUG|The request path /swagger/lib/jsoneditor.min.js does not match an existing file 
2020-04-05 21:09:40.1188|1|Microsoft.AspNetCore.Hosting.Internal.WebHost|INFO|Request starting HTTP/1.1 GET http://localhost:55869/swagger/css/print.css   
2020-04-05 21:09:40.3549|5|Microsoft.AspNetCore.StaticFiles.StaticFileMiddleware|DEBUG|The request path /swagger/css/print.css does not match an existing file 
2020-04-05 21:09:40.3549|6|Microsoft.AspNetCore.StaticFiles.StaticFileMiddleware|INFO|The file /css/print.css was not modified 
2020-04-05 21:09:40.3549|8|Microsoft.AspNetCore.StaticFiles.StaticFileMiddleware|DEBUG|Handled. Status code: 304 File: /css/print.css 
2020-04-05 21:09:40.3549|9|Microsoft.AspNetCore.Server.Kestrel|DEBUG|Connection id "0HLUPEU630F6H" completed keep alive response. 
2020-04-05 21:09:40.3549|2|Microsoft.AspNetCore.Hosting.Internal.WebHost|INFO|Request finished in 228.9258ms 304 text/css 
2020-04-05 21:09:40.3838|6|Microsoft.AspNetCore.StaticFiles.StaticFileMiddleware|INFO|The file /lib/jsoneditor.min.js was not modified 
2020-04-05 21:09:40.4127|8|Microsoft.AspNetCore.StaticFiles.StaticFileMiddleware|DEBUG|Handled. Status code: 304 File: /lib/jsoneditor.min.js 
2020-04-05 21:09:40.4187|9|Microsoft.AspNetCore.Server.Kestrel|DEBUG|Connection id "0HLUPEU630F6C" completed keep alive response. 
2020-04-05 21:09:40.4187|2|Microsoft.AspNetCore.Hosting.Internal.WebHost|INFO|Request finished in 295.1728ms 304 application/javascript 
2020-04-05 21:09:40.1667|2|Microsoft.AspNetCore.Hosting.Internal.WebHost|INFO|Request finished in 206.6389ms 304 application/javascript 
2020-04-05 21:09:40.1188|6|Microsoft.AspNetCore.StaticFiles.StaticFileMiddleware|INFO|The file /lib/swagger-oauth.js was not modified 
2020-04-05 21:09:40.4556|8|Microsoft.AspNetCore.StaticFiles.StaticFileMiddleware|DEBUG|Handled. Status code: 304 File: /lib/swagger-oauth.js 
2020-04-05 21:09:40.4556|9|Microsoft.AspNetCore.Server.Kestrel|DEBUG|Connection id "0HLUPEU630F6B" completed keep alive response. 
2020-04-05 21:09:40.4695|2|Microsoft.AspNetCore.Hosting.Internal.WebHost|INFO|Request finished in 550.5786ms 304 application/javascript 
2020-04-05 21:09:40.7149|1|Microsoft.AspNetCore.Hosting.Internal.WebHost|INFO|Request starting HTTP/1.1 GET http://localhost:55869/swagger/v1/swagger.json   
2020-04-05 21:09:40.7149|5|Microsoft.AspNetCore.StaticFiles.StaticFileMiddleware|DEBUG|The request path /swagger/v1/swagger.json does not match an existing file 
2020-04-05 21:09:43.1461|9|Microsoft.AspNetCore.Server.Kestrel|DEBUG|Connection id "0HLUPEU630F6E" completed keep alive response. 
2020-04-05 21:09:43.1461|2|Microsoft.AspNetCore.Hosting.Internal.WebHost|INFO|Request finished in 2435.7292ms 200 application/json 
2020-04-05 21:09:48.1894|1|Microsoft.AspNetCore.Hosting.Internal.WebHost|INFO|Request starting HTTP/1.1 GET http://localhost:55869/swagger/images/throbber.gif   
2020-04-05 21:09:48.1894|5|Microsoft.AspNetCore.StaticFiles.StaticFileMiddleware|DEBUG|The request path /swagger/images/throbber.gif does not match an existing file 
2020-04-05 21:09:48.1894|6|Microsoft.AspNetCore.StaticFiles.StaticFileMiddleware|INFO|The file /images/throbber.gif was not modified 
2020-04-05 21:09:48.1894|8|Microsoft.AspNetCore.StaticFiles.StaticFileMiddleware|DEBUG|Handled. Status code: 304 File: /images/throbber.gif 
2020-04-05 21:09:48.1894|9|Microsoft.AspNetCore.Server.Kestrel|DEBUG|Connection id "0HLUPEU630F6G" completed keep alive response. 
2020-04-05 21:09:48.1894|2|Microsoft.AspNetCore.Hosting.Internal.WebHost|INFO|Request finished in 5.4469ms 304 image/gif 
2020-04-05 21:09:51.5426|1|Microsoft.AspNetCore.Hosting.Internal.WebHost|INFO|Request starting HTTP/1.1 GET http://localhost:55869/api/Customers   
2020-04-05 21:09:51.5426|4|Microsoft.AspNetCore.StaticFiles.StaticFileMiddleware|DEBUG|The request path /api/Customers does not match a supported file type 
2020-04-05 21:09:51.5426|3|Microsoft.AspNetCore.StaticFiles.StaticFileMiddleware|DEBUG|The request path  does not match the path filter 
2020-04-05 21:09:51.5426|1|Microsoft.AspNetCore.Routing.Tree.TreeRouter|DEBUG|Request successfully matched the route with name '(null)' and template 'api/Customers'. 
2020-04-05 21:09:51.6618|2|Microsoft.AspNetCore.Mvc.Versioning.ApiVersionActionSelector|DEBUG|Action 'packt_webapp.Controllers.CustomersController.AddCustomer (packt_webapp)' with id '9dcd395a-3b4d-4975-bf32-201e7dc33576' did not match the constraint 'Microsoft.AspNetCore.Mvc.Internal.HttpMethodActionConstraint' 
2020-04-05 21:09:51.7186|3|Microsoft.AspNetCore.Mvc.Internal.MvcAttributeRouteHandler|DEBUG|No actions matched the current request 
2020-04-05 21:09:51.7186|1|Microsoft.AspNetCore.Builder.RouterMiddleware|DEBUG|Request did not match any routes. 
2020-04-05 21:09:51.8041|1|Microsoft.AspNetCore.Mvc.Internal.ControllerActionInvoker|DEBUG|Executing action packt_webapp.Controllers.CustomersController.GetAllCustomers (packt_webapp) 
2020-04-05 21:09:52.1967|1|Microsoft.AspNetCore.Mvc.Internal.ControllerActionInvoker|INFO|Executing action method packt_webapp.Controllers.CustomersController.GetAllCustomers (packt_webapp) with arguments (packt_webapp.QueryParameters.CustomerQueryParameters) - ModelState is Valid 
2020-04-05 21:10:00.6701|2|Microsoft.EntityFrameworkCore.Query.Internal.SqlServerQueryCompilationContextFactory|DEBUG|Compiling query model: 
'(from Customer <generated>_3 in DbSet<Customer>
order by <generated>_3.FirstName asc
order by <generated>_3.FirstName asc
select <generated>_3)
.Skip(__p_0)
.Take(__p_1)' 
2020-04-05 21:10:00.7040|3|Microsoft.EntityFrameworkCore.Query.Internal.SqlServerQueryCompilationContextFactory|DEBUG|Optimized query model: 
'(from Customer <generated>_3 in DbSet<Customer>
order by <generated>_3.FirstName asc
order by <generated>_3.FirstName asc
select <generated>_3)
.Skip(__p_0)
.Take(__p_1)' 
2020-04-05 21:10:01.0267|5|Microsoft.EntityFrameworkCore.Query.Internal.SqlServerQueryCompilationContextFactory|DEBUG|TRACKED: True
(QueryContext queryContext) => IEnumerable<Customer> _ShapedQuery(
    queryContext: queryContext, 
    shaperCommandContext: SelectExpression: 
        SELECT [c].[Id], [c].[Age], [c].[FirstName], [c].[LastName]
        FROM [Customers] AS [c]
        ORDER BY [c].[FirstName]
        OFFSET @__p_0 ROWS FETCH NEXT @__p_1 ROWS ONLY
    , 
    shaper: UnbufferedEntityShaper<Customer>
)
 
2020-04-05 21:10:01.1242|3|Microsoft.EntityFrameworkCore.Storage.Internal.SqlServerConnection|DEBUG|Opening connection to database 'PDatabase' on server 'DESKTOP-05KO2T6'. 
2020-04-05 21:10:01.2150|1|Microsoft.EntityFrameworkCore.Storage.IRelationalCommandBuilderFactory|INFO|Executed DbCommand (84ms) [Parameters=[@__p_0='?', @__p_1='?'], CommandType='Text', CommandTimeout='30']
SELECT [c].[Id], [c].[Age], [c].[FirstName], [c].[LastName]
FROM [Customers] AS [c]
ORDER BY [c].[FirstName]
OFFSET @__p_0 ROWS FETCH NEXT @__p_1 ROWS ONLY 
2020-04-05 21:10:01.2150|4|Microsoft.EntityFrameworkCore.Storage.Internal.SqlServerConnection|DEBUG|Closing connection to database 'PDatabase' on server 'DESKTOP-05KO2T6'. 
2020-04-05 21:10:01.2479|2|Microsoft.EntityFrameworkCore.Query.Internal.SqlServerQueryCompilationContextFactory|DEBUG|Compiling query model: 
'(from Customer <generated>_1 in DbSet<Customer>
select <generated>_1)
.Count()' 
2020-04-05 21:10:01.2479|3|Microsoft.EntityFrameworkCore.Query.Internal.SqlServerQueryCompilationContextFactory|DEBUG|Optimized query model: 
'(from Customer <generated>_1 in DbSet<Customer>
select <generated>_1)
.Count()' 
2020-04-05 21:10:01.3087|5|Microsoft.EntityFrameworkCore.Query.Internal.SqlServerQueryCompilationContextFactory|DEBUG|TRACKED: True
(QueryContext queryContext) => IEnumerable<int> _ToSequence(
    element: int GetResult(
        valueBuffers: IEnumerable<ValueBuffer> _Query(
            queryContext: queryContext, 
            shaperCommandContext: SelectExpression: 
                SELECT COUNT(*)
                FROM [Customers] AS [c]
            , 
            queryIndex: default(System.Nullable`1[System.Int32])
        )
    )
)
 
2020-04-05 21:10:01.3087|3|Microsoft.EntityFrameworkCore.Storage.Internal.SqlServerConnection|DEBUG|Opening connection to database 'PDatabase' on server 'DESKTOP-05KO2T6'. 
2020-04-05 21:10:01.3471|1|Microsoft.EntityFrameworkCore.Storage.IRelationalCommandBuilderFactory|INFO|Executed DbCommand (14ms) [Parameters=[], CommandType='Text', CommandTimeout='30']
SELECT COUNT(*)
FROM [Customers] AS [c] 
2020-04-05 21:10:01.3471|4|Microsoft.EntityFrameworkCore.Storage.Internal.SqlServerConnection|DEBUG|Closing connection to database 'PDatabase' on server 'DESKTOP-05KO2T6'. 
2020-04-05 21:10:01.4563|2|Microsoft.AspNetCore.Mvc.Internal.ControllerActionInvoker|DEBUG|Executed action method packt_webapp.Controllers.CustomersController.GetAllCustomers (packt_webapp), returned result Microsoft.AspNetCore.Mvc.OkObjectResult. 
2020-04-05 21:10:01.6089|1|Microsoft.AspNetCore.Mvc.Internal.ObjectResultExecutor|WARN|No output formatter was found for content type 'text/plain' to write the response. 
2020-04-05 21:10:01.6793|2|Microsoft.AspNetCore.Mvc.Internal.ControllerActionInvoker|INFO|Executed action packt_webapp.Controllers.CustomersController.GetAllCustomers (packt_webapp) in 9860.7719ms 
2020-04-05 21:10:01.6932|9|Microsoft.AspNetCore.Server.Kestrel|DEBUG|Connection id "0HLUPEU630F6F" completed keep alive response. 
2020-04-05 21:10:01.7102|2|Microsoft.AspNetCore.Hosting.Internal.WebHost|INFO|Request finished in 10167.7718ms 406  
2020-04-05 21:10:07.7108|1|Microsoft.AspNetCore.Hosting.Internal.WebHost|INFO|Request starting HTTP/1.1 GET http://localhost:55869/api/Customers   
2020-04-05 21:10:07.7108|4|Microsoft.AspNetCore.StaticFiles.StaticFileMiddleware|DEBUG|The request path /api/Customers does not match a supported file type 
2020-04-05 21:10:07.7128|3|Microsoft.AspNetCore.StaticFiles.StaticFileMiddleware|DEBUG|The request path  does not match the path filter 
2020-04-05 21:10:07.7128|1|Microsoft.AspNetCore.Routing.Tree.TreeRouter|DEBUG|Request successfully matched the route with name '(null)' and template 'api/Customers'. 
2020-04-05 21:10:07.7128|2|Microsoft.AspNetCore.Mvc.Versioning.ApiVersionActionSelector|DEBUG|Action 'packt_webapp.Controllers.CustomersController.AddCustomer (packt_webapp)' with id '9dcd395a-3b4d-4975-bf32-201e7dc33576' did not match the constraint 'Microsoft.AspNetCore.Mvc.Internal.HttpMethodActionConstraint' 
2020-04-05 21:10:07.7128|1|Microsoft.AspNetCore.Mvc.Internal.ControllerActionInvoker|DEBUG|Executing action packt_webapp.Controllers.CustomersController.GetAllCustomers (packt_webapp) 
2020-04-05 21:10:07.7128|1|Microsoft.AspNetCore.Mvc.Internal.ControllerActionInvoker|INFO|Executing action method packt_webapp.Controllers.CustomersController.GetAllCustomers (packt_webapp) with arguments (packt_webapp.QueryParameters.CustomerQueryParameters) - ModelState is Valid 
2020-04-05 21:10:18.5062|3|Microsoft.EntityFrameworkCore.Storage.Internal.SqlServerConnection|DEBUG|Opening connection to database 'PDatabase' on server 'DESKTOP-05KO2T6'. 
2020-04-05 21:10:18.5156|1|Microsoft.EntityFrameworkCore.Storage.IRelationalCommandBuilderFactory|INFO|Executed DbCommand (2ms) [Parameters=[@__p_0='?', @__p_1='?'], CommandType='Text', CommandTimeout='30']
SELECT [c].[Id], [c].[Age], [c].[FirstName], [c].[LastName]
FROM [Customers] AS [c]
ORDER BY [c].[FirstName]
OFFSET @__p_0 ROWS FETCH NEXT @__p_1 ROWS ONLY 
2020-04-05 21:10:18.5156|4|Microsoft.EntityFrameworkCore.Storage.Internal.SqlServerConnection|DEBUG|Closing connection to database 'PDatabase' on server 'DESKTOP-05KO2T6'. 
2020-04-05 21:10:18.5156|3|Microsoft.EntityFrameworkCore.Storage.Internal.SqlServerConnection|DEBUG|Opening connection to database 'PDatabase' on server 'DESKTOP-05KO2T6'. 
2020-04-05 21:10:18.5156|1|Microsoft.EntityFrameworkCore.Storage.IRelationalCommandBuilderFactory|INFO|Executed DbCommand (0ms) [Parameters=[], CommandType='Text', CommandTimeout='30']
SELECT COUNT(*)
FROM [Customers] AS [c] 
2020-04-05 21:10:18.5156|4|Microsoft.EntityFrameworkCore.Storage.Internal.SqlServerConnection|DEBUG|Closing connection to database 'PDatabase' on server 'DESKTOP-05KO2T6'. 
2020-04-05 21:10:18.5156|2|Microsoft.AspNetCore.Mvc.Internal.ControllerActionInvoker|DEBUG|Executed action method packt_webapp.Controllers.CustomersController.GetAllCustomers (packt_webapp), returned result Microsoft.AspNetCore.Mvc.OkObjectResult. 
2020-04-05 21:10:18.5262|1|Microsoft.AspNetCore.Mvc.Internal.ObjectResultExecutor|WARN|No output formatter was found for content type 'text/plain' to write the response. 
2020-04-05 21:10:18.5262|2|Microsoft.AspNetCore.Mvc.Internal.ControllerActionInvoker|INFO|Executed action packt_webapp.Controllers.CustomersController.GetAllCustomers (packt_webapp) in 10805.2458ms 
2020-04-05 21:10:18.5262|9|Microsoft.AspNetCore.Server.Kestrel|DEBUG|Connection id "0HLUPEU630F6D" completed keep alive response. 
2020-04-05 21:10:18.5262|2|Microsoft.AspNetCore.Hosting.Internal.WebHost|INFO|Request finished in 10817.7038ms 406  
2020-04-05 21:10:29.4319|1|Microsoft.AspNetCore.Hosting.Internal.WebHost|INFO|Request starting HTTP/1.1 GET http://localhost:55869/api/Customers   
2020-04-05 21:10:29.4319|4|Microsoft.AspNetCore.StaticFiles.StaticFileMiddleware|DEBUG|The request path /api/Customers does not match a supported file type 
2020-04-05 21:10:29.4319|3|Microsoft.AspNetCore.StaticFiles.StaticFileMiddleware|DEBUG|The request path  does not match the path filter 
2020-04-05 21:10:29.4319|1|Microsoft.AspNetCore.Routing.Tree.TreeRouter|DEBUG|Request successfully matched the route with name '(null)' and template 'api/Customers'. 
2020-04-05 21:10:29.4319|2|Microsoft.AspNetCore.Mvc.Versioning.ApiVersionActionSelector|DEBUG|Action 'packt_webapp.Controllers.CustomersController.AddCustomer (packt_webapp)' with id '9dcd395a-3b4d-4975-bf32-201e7dc33576' did not match the constraint 'Microsoft.AspNetCore.Mvc.Internal.HttpMethodActionConstraint' 
2020-04-05 21:10:29.4319|1|Microsoft.AspNetCore.Mvc.Internal.ControllerActionInvoker|DEBUG|Executing action packt_webapp.Controllers.CustomersController.GetAllCustomers (packt_webapp) 
2020-04-05 21:10:29.4319|1|Microsoft.AspNetCore.Mvc.Internal.ControllerActionInvoker|INFO|Executing action method packt_webapp.Controllers.CustomersController.GetAllCustomers (packt_webapp) with arguments (packt_webapp.QueryParameters.CustomerQueryParameters) - ModelState is Valid 
2020-04-05 21:10:29.4469|3|Microsoft.EntityFrameworkCore.Storage.Internal.SqlServerConnection|DEBUG|Opening connection to database 'PDatabase' on server 'DESKTOP-05KO2T6'. 
2020-04-05 21:10:29.4469|1|Microsoft.EntityFrameworkCore.Storage.IRelationalCommandBuilderFactory|INFO|Executed DbCommand (4ms) [Parameters=[@__p_0='?', @__p_1='?'], CommandType='Text', CommandTimeout='30']
SELECT [c].[Id], [c].[Age], [c].[FirstName], [c].[LastName]
FROM [Customers] AS [c]
ORDER BY [c].[FirstName]
OFFSET @__p_0 ROWS FETCH NEXT @__p_1 ROWS ONLY 
2020-04-05 21:10:29.4469|4|Microsoft.EntityFrameworkCore.Storage.Internal.SqlServerConnection|DEBUG|Closing connection to database 'PDatabase' on server 'DESKTOP-05KO2T6'. 
2020-04-05 21:10:29.4469|3|Microsoft.EntityFrameworkCore.Storage.Internal.SqlServerConnection|DEBUG|Opening connection to database 'PDatabase' on server 'DESKTOP-05KO2T6'. 
2020-04-05 21:10:29.4639|1|Microsoft.EntityFrameworkCore.Storage.IRelationalCommandBuilderFactory|INFO|Executed DbCommand (5ms) [Parameters=[], CommandType='Text', CommandTimeout='30']
SELECT COUNT(*)
FROM [Customers] AS [c] 
2020-04-05 21:10:29.4639|4|Microsoft.EntityFrameworkCore.Storage.Internal.SqlServerConnection|DEBUG|Closing connection to database 'PDatabase' on server 'DESKTOP-05KO2T6'. 
2020-04-05 21:10:29.4639|2|Microsoft.AspNetCore.Mvc.Internal.ControllerActionInvoker|DEBUG|Executed action method packt_webapp.Controllers.CustomersController.GetAllCustomers (packt_webapp), returned result Microsoft.AspNetCore.Mvc.OkObjectResult. 
2020-04-05 21:10:29.4639|1|Microsoft.AspNetCore.Mvc.Internal.ObjectResultExecutor|WARN|No output formatter was found for content type 'text/plain' to write the response. 
2020-04-05 21:10:29.4639|2|Microsoft.AspNetCore.Mvc.Internal.ControllerActionInvoker|INFO|Executed action packt_webapp.Controllers.CustomersController.GetAllCustomers (packt_webapp) in 29.3357ms 
2020-04-05 21:10:29.4639|9|Microsoft.AspNetCore.Server.Kestrel|DEBUG|Connection id "0HLUPEU630F6H" completed keep alive response. 
2020-04-05 21:10:29.4639|2|Microsoft.AspNetCore.Hosting.Internal.WebHost|INFO|Request finished in 39.9197ms 406  
2020-04-05 21:10:35.2972|1|Microsoft.AspNetCore.Hosting.Internal.WebHost|INFO|Request starting HTTP/1.1 GET http://localhost:55869/api/Customers   
2020-04-05 21:10:35.2972|4|Microsoft.AspNetCore.StaticFiles.StaticFileMiddleware|DEBUG|The request path /api/Customers does not match a supported file type 
2020-04-05 21:10:35.2972|3|Microsoft.AspNetCore.StaticFiles.StaticFileMiddleware|DEBUG|The request path  does not match the path filter 
2020-04-05 21:10:35.2972|1|Microsoft.AspNetCore.Routing.Tree.TreeRouter|DEBUG|Request successfully matched the route with name '(null)' and template 'api/Customers'. 
2020-04-05 21:10:35.2972|2|Microsoft.AspNetCore.Mvc.Versioning.ApiVersionActionSelector|DEBUG|Action 'packt_webapp.Controllers.CustomersController.AddCustomer (packt_webapp)' with id '9dcd395a-3b4d-4975-bf32-201e7dc33576' did not match the constraint 'Microsoft.AspNetCore.Mvc.Internal.HttpMethodActionConstraint' 
2020-04-05 21:10:35.3082|1|Microsoft.AspNetCore.Mvc.Internal.ControllerActionInvoker|DEBUG|Executing action packt_webapp.Controllers.CustomersController.GetAllCustomers (packt_webapp) 
2020-04-05 21:10:35.3082|1|Microsoft.AspNetCore.Mvc.Internal.ControllerActionInvoker|INFO|Executing action method packt_webapp.Controllers.CustomersController.GetAllCustomers (packt_webapp) with arguments (packt_webapp.QueryParameters.CustomerQueryParameters) - ModelState is Valid 
2020-04-05 21:10:35.3082|3|Microsoft.EntityFrameworkCore.Storage.Internal.SqlServerConnection|DEBUG|Opening connection to database 'PDatabase' on server 'DESKTOP-05KO2T6'. 
2020-04-05 21:10:35.3082|1|Microsoft.EntityFrameworkCore.Storage.IRelationalCommandBuilderFactory|INFO|Executed DbCommand (6ms) [Parameters=[@__p_0='?', @__p_1='?'], CommandType='Text', CommandTimeout='30']
SELECT [c].[Id], [c].[Age], [c].[FirstName], [c].[LastName]
FROM [Customers] AS [c]
ORDER BY [c].[FirstName]
OFFSET @__p_0 ROWS FETCH NEXT @__p_1 ROWS ONLY 
2020-04-05 21:10:35.3351|4|Microsoft.EntityFrameworkCore.Storage.Internal.SqlServerConnection|DEBUG|Closing connection to database 'PDatabase' on server 'DESKTOP-05KO2T6'. 
2020-04-05 21:10:35.3381|3|Microsoft.EntityFrameworkCore.Storage.Internal.SqlServerConnection|DEBUG|Opening connection to database 'PDatabase' on server 'DESKTOP-05KO2T6'. 
2020-04-05 21:10:35.3530|1|Microsoft.EntityFrameworkCore.Storage.IRelationalCommandBuilderFactory|INFO|Executed DbCommand (11ms) [Parameters=[], CommandType='Text', CommandTimeout='30']
SELECT COUNT(*)
FROM [Customers] AS [c] 
2020-04-05 21:10:35.3530|4|Microsoft.EntityFrameworkCore.Storage.Internal.SqlServerConnection|DEBUG|Closing connection to database 'PDatabase' on server 'DESKTOP-05KO2T6'. 
2020-04-05 21:10:35.3530|2|Microsoft.AspNetCore.Mvc.Internal.ControllerActionInvoker|DEBUG|Executed action method packt_webapp.Controllers.CustomersController.GetAllCustomers (packt_webapp), returned result Microsoft.AspNetCore.Mvc.OkObjectResult. 
2020-04-05 21:10:35.3530|2|Microsoft.AspNetCore.Mvc.Internal.ObjectResultExecutor|DEBUG|Selected output formatter 'Microsoft.AspNetCore.Mvc.Formatters.JsonOutputFormatter' and content type 'application/json' to write the response. 
2020-04-05 21:10:35.3530|1|Microsoft.AspNetCore.Mvc.Internal.ObjectResultExecutor|INFO|Executing ObjectResult, writing value Microsoft.AspNetCore.Mvc.ControllerContext. 
2020-04-05 21:10:35.5003|2|Microsoft.AspNetCore.Mvc.Internal.ControllerActionInvoker|INFO|Executed action packt_webapp.Controllers.CustomersController.GetAllCustomers (packt_webapp) in 189.0934ms 
2020-04-05 21:10:35.5003|9|Microsoft.AspNetCore.Server.Kestrel|DEBUG|Connection id "0HLUPEU630F6C" completed keep alive response. 
2020-04-05 21:10:35.5212|2|Microsoft.AspNetCore.Hosting.Internal.WebHost|INFO|Request finished in 224.9926ms 200 application/json; charset=utf-8 
